2025-06-18 10:23:10.778  INFO --- [background-preinit] o.h.validator.internal.util.Version : HV000001: Hibernate Validator 8.0.1.Final
2025-06-18 10:23:10.801  INFO --- [restartedMain] project.BackEndApplication : Starting BackEndApplication using Java 17.0.7 with PID 77961 (/Users/zoo/Desktop/Back-end/build/classes/java/main started by zoo in /Users/zoo/Desktop/Back-end)
2025-06-18 10:23:10.801  INFO --- [restartedMain] project.BackEndApplication : No active profile set, falling back to 1 default profile: "default"
2025-06-18 10:23:10.853  INFO --- [restartedMain] o.s.b.d.e.DevToolsPropertyDefaultsPostProcessor : Devtools property defaults active! Set 'spring.devtools.add-properties' to 'false' to disable
2025-06-18 10:23:10.853  INFO --- [restartedMain] o.s.b.d.e.DevToolsPropertyDefaultsPostProcessor : For additional web related logging consider setting the 'logging.level.web' property to 'DEBUG'
2025-06-18 10:23:11.914  INFO --- [restartedMain] o.s.d.r.c.RepositoryConfigurationDelegate : Multiple Spring Data modules found, entering strict repository configuration mode
2025-06-18 10:23:11.914  INFO --- [restartedMain] o.s.d.r.c.RepositoryConfigurationDelegate : Bootstrapping Spring Data Redis repositories in DEFAULT mode.
2025-06-18 10:23:11.985  INFO --- [restartedMain] o.s.d.r.c.RepositoryConfigurationDelegate : Finished Spring Data repository scanning in 61 ms. Found 2 Redis repository interfaces.
2025-06-18 10:23:12.101  INFO --- [restartedMain] o.s.d.r.c.RepositoryConfigurationDelegate : Multiple Spring Data modules found, entering strict repository configuration mode
2025-06-18 10:23:12.102  INFO --- [restartedMain] o.s.d.r.c.RepositoryConfigurationDelegate : Bootstrapping Spring Data JPA repositories in DEFAULT mode.
2025-06-18 10:23:12.126  INFO --- [restartedMain] o.s.d.r.c.RepositoryConfigurationExtensionSupport : Spring Data JPA - Could not safely identify store assignment for repository candidate interface project.global.security.repository.RefreshTokenRepository; If you want this repository to be a JPA repository, consider annotating your entities with one of these annotations: jakarta.persistence.Entity, jakarta.persistence.MappedSuperclass (preferred), or consider extending one of the following types with your repository: org.springframework.data.jpa.repository.JpaRepository
2025-06-18 10:23:12.127  INFO --- [restartedMain] o.s.d.r.c.RepositoryConfigurationExtensionSupport : Spring Data JPA - Could not safely identify store assignment for repository candidate interface project.global.verification.repository.EmailVerificationRepository; If you want this repository to be a JPA repository, consider annotating your entities with one of these annotations: jakarta.persistence.Entity, jakarta.persistence.MappedSuperclass (preferred), or consider extending one of the following types with your repository: org.springframework.data.jpa.repository.JpaRepository
2025-06-18 10:23:12.135  INFO --- [restartedMain] o.s.d.r.c.RepositoryConfigurationDelegate : Finished Spring Data repository scanning in 32 ms. Found 19 JPA repository interfaces.
2025-06-18 10:23:12.448  INFO --- [restartedMain] o.s.b.w.e.tomcat.TomcatWebServer : Tomcat initialized with port 8080 (http)
2025-06-18 10:23:12.452  INFO --- [restartedMain] o.a.coyote.http11.Http11NioProtocol : Initializing ProtocolHandler ["http-nio-8080"]
2025-06-18 10:23:12.453  INFO --- [restartedMain] o.a.catalina.core.StandardService : Starting service [Tomcat]
2025-06-18 10:23:12.453  INFO --- [restartedMain] o.a.catalina.core.StandardEngine : Starting Servlet engine: [Apache Tomcat/10.1.25]
2025-06-18 10:23:12.472  INFO --- [restartedMain] o.a.c.c.C.[Tomcat].[localhost].[/] : Initializing Spring embedded WebApplicationContext
2025-06-18 10:23:12.472  INFO --- [restartedMain] o.s.b.w.s.c.ServletWebServerApplicationContext : Root WebApplicationContext: initialization completed in 1619 ms
2025-06-18 10:23:12.488  INFO --- [restartedMain] com.zaxxer.hikari.HikariDataSource : HikariPool-1 - Starting...
2025-06-18 10:23:12.807  INFO --- [restartedMain] com.zaxxer.hikari.pool.HikariPool : HikariPool-1 - Added connection com.mysql.cj.jdbc.ConnectionImpl@613040ee
2025-06-18 10:23:12.809  INFO --- [restartedMain] com.zaxxer.hikari.HikariDataSource : HikariPool-1 - Start completed.
2025-06-18 10:23:12.815  INFO --- [restartedMain] o.s.b.a.h.H2ConsoleAutoConfiguration : H2 console available at '/h2-console'. Database available at 'jdbc:mysql://pium-dev-database-1.chg1ephxbhjv.ap-northeast-2.rds.amazonaws.com:3306/pium'
2025-06-18 10:23:12.877  INFO --- [restartedMain] o.h.jpa.internal.util.LogHelper : HHH000204: Processing PersistenceUnitInfo [name: default]
2025-06-18 10:23:12.901  INFO --- [restartedMain] org.hibernate.Version : HHH000412: Hibernate ORM core version 6.5.2.Final
2025-06-18 10:23:12.918  INFO --- [restartedMain] o.h.c.i.RegionFactoryInitiator : HHH000026: Second-level cache disabled
2025-06-18 10:23:13.099  INFO --- [restartedMain] o.s.o.j.p.SpringPersistenceUnitInfo : No LoadTimeWeaver setup: ignoring JPA class transformer
2025-06-18 10:23:13.724  INFO --- [restartedMain] o.h.e.t.j.p.i.JtaPlatformInitiator : HHH000489: No JTA platform available (set 'hibernate.transaction.jta.platform' to enable JTA platform integration)
2025-06-18 10:23:13.725  INFO --- [restartedMain] o.s.o.j.LocalContainerEntityManagerFactoryBean : Initialized JPA EntityManagerFactory for persistence unit 'default'
2025-06-18 10:23:13.871  INFO --- [restartedMain] o.s.d.j.r.query.QueryEnhancerFactory : Hibernate is in classpath; If applicable, HQL parser will be used.
2025-06-18 10:23:14.331  INFO --- [restartedMain] project.global.config.redisConfig : Redis connection through SSH: host=127.0.0.1, port=6379
2025-06-18 10:23:14.481  INFO --- [restartedMain] o.s.b.d.a.OptionalLiveReloadServer : LiveReload server is running on port 35729
2025-06-18 10:23:14.798  WARN --- [restartedMain] o.s.b.a.o.j.JpaBaseConfiguration$JpaWebConfiguration : spring.jpa.open-in-view is enabled by default. Therefore, database queries may be performed during view rendering. Explicitly configure spring.jpa.open-in-view to disable this warning
2025-06-18 10:23:14.810  INFO --- [restartedMain] o.s.s.c.a.a.c.InitializeUserDetailsBeanManagerConfigurer$InitializeUserDetailsManagerConfigurer : Global AuthenticationManager configured with UserDetailsService bean with name customUserDetailsService
2025-06-18 10:23:15.090  INFO --- [restartedMain] o.a.coyote.http11.Http11NioProtocol : Starting ProtocolHandler ["http-nio-8080"]
2025-06-18 10:23:15.098  INFO --- [restartedMain] o.s.b.w.e.tomcat.TomcatWebServer : Tomcat started on port 8080 (http) with context path '/'
2025-06-18 10:23:15.103  INFO --- [restartedMain] project.BackEndApplication : Started BackEndApplication in 4.592 seconds (process running for 5.093)
2025-06-18 10:23:18.087  INFO --- [http-nio-8080-exec-1] o.a.c.c.C.[Tomcat].[localhost].[/] : Initializing Spring DispatcherServlet 'dispatcherServlet'
2025-06-18 10:23:18.087  INFO --- [http-nio-8080-exec-1] o.s.web.servlet.DispatcherServlet : Initializing Servlet 'dispatcherServlet'
2025-06-18 10:23:18.088  INFO --- [http-nio-8080-exec-1] o.s.web.servlet.DispatcherServlet : Completed initialization in 1 ms
2025-06-18 10:23:18.627  INFO --- [http-nio-8080-exec-9] o.s.api.AbstractOpenApiResource : Init duration for springdoc-openapi is: 292 ms
2025-06-18 10:23:39.303  INFO --- [http-nio-8080-exec-3] p.g.security.filter.JwtAuthFilter : jwt: eyJhbGciOiJIUzI1NiJ9.eyJtZW1iZXJJZCI6IjEwMDEyIiwiZW1haWwiOiJkdW1teUBuYXZlci5jb20iLCJyb2xlVHlwZSI6IlVTRVIiLCJpYXQiOjE3NTAyMDk4MDAsImV4cCI6MTc1MDgxNDYwMH0._r12vi4XRnqIFKsBkHRdAHLOuguuoD8r2MiAEXYqRvM
2025-06-18 10:23:39.329  INFO --- [http-nio-8080-exec-3] p.g.security.filter.JwtAuthFilter : org.springframework.security.web.header.HeaderWriterFilter$HeaderWriterRequest@757eeccc
2025-06-18 10:23:44.998  INFO --- [http-nio-8080-exec-2] p.g.security.filter.JwtAuthFilter : jwt: eyJhbGciOiJIUzI1NiJ9.eyJtZW1iZXJJZCI6IjEwMDEyIiwiZW1haWwiOiJkdW1teUBuYXZlci5jb20iLCJyb2xlVHlwZSI6IlVTRVIiLCJpYXQiOjE3NTAyMDk4MDAsImV4cCI6MTc1MDgxNDYwMH0._r12vi4XRnqIFKsBkHRdAHLOuguuoD8r2MiAEXYqRvM
2025-06-18 10:23:45.000  INFO --- [http-nio-8080-exec-2] p.g.security.filter.JwtAuthFilter : org.springframework.security.web.header.HeaderWriterFilter$HeaderWriterRequest@4c379bfa
2025-06-18 10:23:47.893  INFO --- [http-nio-8080-exec-5] p.g.security.filter.JwtAuthFilter : jwt: eyJhbGciOiJIUzI1NiJ9.eyJtZW1iZXJJZCI6IjEwMDEyIiwiZW1haWwiOiJkdW1teUBuYXZlci5jb20iLCJyb2xlVHlwZSI6IlVTRVIiLCJpYXQiOjE3NTAyMDk4MDAsImV4cCI6MTc1MDgxNDYwMH0._r12vi4XRnqIFKsBkHRdAHLOuguuoD8r2MiAEXYqRvM
2025-06-18 10:23:47.895  INFO --- [http-nio-8080-exec-5] p.g.security.filter.JwtAuthFilter : org.springframework.security.web.header.HeaderWriterFilter$HeaderWriterRequest@1ec4aae3
2025-06-18 10:24:04.502  INFO --- [SpringApplicationShutdownHook] o.s.o.j.LocalContainerEntityManagerFactoryBean : Closing JPA EntityManagerFactory for persistence unit 'default'
2025-06-18 10:24:04.504  INFO --- [SpringApplicationShutdownHook] com.zaxxer.hikari.HikariDataSource : HikariPool-1 - Shutdown initiated...
2025-06-18 10:24:04.657  INFO --- [SpringApplicationShutdownHook] com.zaxxer.hikari.HikariDataSource : HikariPool-1 - Shutdown completed.
